{
  "stats": {
    "suites": 1,
    "tests": 1,
    "passes": 1,
    "pending": 0,
    "failures": 0,
    "start": "2018-08-16T12:55:37.345Z",
    "end": "2018-08-16T12:55:37.364Z",
    "duration": 19,
    "testsRegistered": 1,
    "passPercent": 100,
    "pendingPercent": 0,
    "other": 0,
    "hasOther": false,
    "skipped": 0,
    "hasSkipped": false,
    "passPercentClass": "success",
    "pendingPercentClass": "danger"
  },
  "suites": {
    "uuid": "98779c8a-290d-405b-943d-53a99389b7b7",
    "title": "",
    "fullFile": "",
    "file": "",
    "beforeHooks": [],
    "afterHooks": [],
    "tests": [],
    "suites": [
      {
        "uuid": "f81d1b50-02ab-4c38-8890-78d9fbea4021",
        "title": "simple tests",
        "fullFile": "C:\\Github\\tests\\app-one\\client\\test\\components\\app.test.js",
        "file": "\\client\\test\\components\\app.test.js",
        "beforeHooks": [],
        "afterHooks": [],
        "tests": [
          {
            "title": "should pass",
            "fullTitle": "simple tests should pass",
            "timedOut": false,
            "duration": 15,
            "state": "passed",
            "speed": "fast",
            "pass": true,
            "fail": false,
            "pending": false,
            "code": "expect(true).to.be.true;",
            "err": {},
            "isRoot": false,
            "uuid": "e81b8642-b1f6-4c20-8aee-46ec821a02a9",
            "isHook": false,
            "skipped": false
          }
        ],
        "suites": [],
        "passes": [
          "e81b8642-b1f6-4c20-8aee-46ec821a02a9"
        ],
        "failures": [],
        "pending": [],
        "skipped": [],
        "duration": 15,
        "root": false,
        "rootEmpty": false,
        "_timeout": 2000
      }
    ],
    "passes": [],
    "failures": [],
    "pending": [],
    "skipped": [],
    "duration": 0,
    "root": true,
    "rootEmpty": true,
    "_timeout": 2000
  },
  "copyrightYear": 2018
}