{
  "stats": {
    "suites": 1,
    "tests": 1,
    "passes": 1,
    "pending": 0,
    "failures": 0,
    "start": "2018-08-16T14:57:23.925Z",
    "end": "2018-08-16T14:57:23.979Z",
    "duration": 54,
    "testsRegistered": 1,
    "passPercent": 100,
    "pendingPercent": 0,
    "other": 0,
    "hasOther": false,
    "skipped": 0,
    "hasSkipped": false,
    "passPercentClass": "success",
    "pendingPercentClass": "danger"
  },
  "suites": {
    "uuid": "6f59230f-6e37-4cd5-b629-c531ddc5956c",
    "title": "",
    "fullFile": "",
    "file": "",
    "beforeHooks": [],
    "afterHooks": [],
    "tests": [],
    "suites": [
      {
        "uuid": "1b33175d-dce7-490c-a67a-153844061896",
        "title": "App defined",
        "fullFile": "C:\\Github\\tests\\app-one\\client\\test\\components\\app.test.js",
        "file": "\\client\\test\\components\\app.test.js",
        "beforeHooks": [],
        "afterHooks": [],
        "tests": [
          {
            "title": "should be rendered",
            "fullTitle": "App defined should be rendered",
            "timedOut": false,
            "duration": 36,
            "state": "passed",
            "speed": "fast",
            "pass": true,
            "fail": false,
            "pending": false,
            "code": "var component = (0, _test_helper.renderComponent)(_app.default);\n(0, _test_helper.expect)(component).to.be.defined;",
            "err": {},
            "isRoot": false,
            "uuid": "9de88d46-6965-4f5e-9a6d-4d37d4e59533",
            "isHook": false,
            "skipped": false
          }
        ],
        "suites": [],
        "passes": [
          "9de88d46-6965-4f5e-9a6d-4d37d4e59533"
        ],
        "failures": [],
        "pending": [],
        "skipped": [],
        "duration": 36,
        "root": false,
        "rootEmpty": false,
        "_timeout": 2000
      }
    ],
    "passes": [],
    "failures": [],
    "pending": [],
    "skipped": [],
    "duration": 0,
    "root": true,
    "rootEmpty": true,
    "_timeout": 2000
  },
  "copyrightYear": 2018
}